# JRE version: OpenJDK Runtime Environment (8.0_76-b03) (build 1.8.0_76-release-b03)
# Java VM: OpenJDK 64-Bit Server VM (25.76-b03 mixed mode windows-amd64 compressed oops)
Heap:
 PSYoungGen      total 382464K, used 57525K [0x00000000e0000000, 0x0000000100000000, 0x0000000100000000)
  eden space 231936K, 0% used [0x00000000e0000000,0x00000000e0000000,0x00000000ee280000)
  from space 150528K, 38% used [0x00000000f6d00000,0x00000000fa52d6b0,0x0000000100000000)
  to   space 141824K, 0% used [0x00000000ee280000,0x00000000ee280000,0x00000000f6d00000)
 ParOldGen       total 732672K, used 668232K [0x00000000a0000000, 0x00000000ccb80000, 0x00000000e0000000)
  object space 732672K, 91% used [0x00000000a0000000,0x00000000c8c92300,0x00000000ccb80000)
 Metaspace       used 69342K, capacity 70960K, committed 71064K, reserved 1112064K
  class space    used 8740K, capacity 9092K, committed 9128K, reserved 1048576K
GC Heap History (10 events):
Event: 229.697 GC heap after
Heap after GC invocations=89 (full 11):
 PSYoungGen      total 355328K, used 34747K [0x00000000e0000000, 0x00000000fe680000, 0x0000000100000000)
  eden space 211968K, 0% used [0x00000000e0000000,0x00000000e0000000,0x00000000ecf00000)
  from space 143360K, 24% used [0x00000000f5a80000,0x00000000f7c6ecd8,0x00000000fe680000)
  to   space 142848K, 0% used [0x00000000ecf00000,0x00000000ecf00000,0x00000000f5a80000)
 ParOldGen       total 732672K, used 454131K [0x00000000a0000000, 0x00000000ccb80000, 0x00000000e0000000)
  object space 732672K, 61% used [0x00000000a0000000,0x00000000bbb7cf98,0x00000000ccb80000)
 Metaspace       used 69338K, capacity 70960K, committed 71064K, reserved 1112064K
  class space    used 8739K, capacity 9092K, committed 9128K, reserved 1048576K
}
Event: 230.321 GC heap before
{Heap before GC invocations=90 (full 11):
 PSYoungGen      total 355328K, used 246715K [0x00000000e0000000, 0x00000000fe680000, 0x0000000100000000)
  eden space 211968K, 100% used [0x00000000e0000000,0x00000000ecf00000,0x00000000ecf00000)
  from space 143360K, 24% used [0x00000000f5a80000,0x00000000f7c6ecd8,0x00000000fe680000)
  to   space 142848K, 0% used [0x00000000ecf00000,0x00000000ecf00000,0x00000000f5a80000)
 ParOldGen       total 732672K, used 454131K [0x00000000a0000000, 0x00000000ccb80000, 0x00000000e0000000)
  object space 732672K, 61% used [0x00000000a0000000,0x00000000bbb7cf98,0x00000000ccb80000)
 Metaspace       used 69338K, capacity 70960K, committed 71064K, reserved 1112064K
  class space    used 8739K, capacity 9092K, committed 9128K, reserved 1048576K
Event: 230.381 GC heap after
Heap after GC invocations=90 (full 11):
 PSYoungGen      total 354816K, used 35140K [0x00000000e0000000, 0x00000000ff100000, 0x0000000100000000)
  eden space 211968K, 0% used [0x00000000e0000000,0x00000000e0000000,0x00000000ecf00000)
  from space 142848K, 24% used [0x00000000ecf00000,0x00000000ef151298,0x00000000f5a80000)
  to   space 135680K, 0% used [0x00000000f6c80000,0x00000000f6c80000,0x00000000ff100000)
 ParOldGen       total 732672K, used 477431K [0x00000000a0000000, 0x00000000ccb80000, 0x00000000e0000000)
  object space 732672K, 65% used [0x00000000a0000000,0x00000000bd23dfc8,0x00000000ccb80000)
 Metaspace       used 69338K, capacity 70960K, committed 71064K, reserved 1112064K
  class space    used 8739K, capacity 9092K, committed 9128K, reserved 1048576K
}
Event: 230.526 GC heap before
{Heap before GC invocations=91 (full 11):
 PSYoungGen      total 354816K, used 247063K [0x00000000e0000000, 0x00000000ff100000, 0x0000000100000000)
  eden space 211968K, 99% used [0x00000000e0000000,0x00000000ecef4a58,0x00000000ecf00000)
  from space 142848K, 24% used [0x00000000ecf00000,0x00000000ef151298,0x00000000f5a80000)
  to   space 135680K, 0% used [0x00000000f6c80000,0x00000000f6c80000,0x00000000ff100000)
 ParOldGen       total 732672K, used 477431K [0x00000000a0000000, 0x00000000ccb80000, 0x00000000e0000000)
  object space 732672K, 65% used [0x00000000a0000000,0x00000000bd23dfc8,0x00000000ccb80000)
 Metaspace       used 69338K, capacity 70960K, committed 71064K, reserved 1112064K
  class space    used 8739K, capacity 9092K, committed 9128K, reserved 1048576K
Event: 230.582 GC heap after
Heap after GC invocations=91 (full 11):
 PSYoungGen      total 361984K, used 34814K [0x00000000e0000000, 0x00000000fe500000, 0x0000000100000000)
  eden space 238592K, 0% used [0x00000000e0000000,0x00000000e0000000,0x00000000ee900000)
  from space 123392K, 28% used [0x00000000f6c80000,0x00000000f8e7fb50,0x00000000fe500000)
  to   space 129024K, 0% used [0x00000000ee900000,0x00000000ee900000,0x00000000f6700000)
 ParOldGen       total 732672K, used 511106K [0x00000000a0000000, 0x00000000ccb80000, 0x00000000e0000000)
  object space 732672K, 69% used [0x00000000a0000000,0x00000000bf3209e8,0x00000000ccb80000)
 Metaspace       used 69338K, capacity 70960K, committed 71064K, reserved 1112064K
  class space    used 8739K, capacity 9092K, committed 9128K, reserved 1048576K
}
Event: 231.036 GC heap before
{Heap before GC invocations=92 (full 11):
 PSYoungGen      total 361984K, used 273406K [0x00000000e0000000, 0x00000000fe500000, 0x0000000100000000)
  eden space 238592K, 100% used [0x00000000e0000000,0x00000000ee900000,0x00000000ee900000)
  from space 123392K, 28% used [0x00000000f6c80000,0x00000000f8e7fb50,0x00000000fe500000)
  to   space 129024K, 0% used [0x00000000ee900000,0x00000000ee900000,0x00000000f6700000)
 ParOldGen       total 732672K, used 511106K [0x00000000a0000000, 0x00000000ccb80000, 0x00000000e0000000)
  object space 732672K, 69% used [0x00000000a0000000,0x00000000bf3209e8,0x00000000ccb80000)
 Metaspace       used 69342K, capacity 70960K, committed 71064K, reserved 1112064K
  class space    used 8740K, capacity 9092K, committed 9128K, reserved 1048576K
Event: 231.105 GC heap after
Heap after GC invocations=92 (full 11):
 PSYoungGen      total 367616K, used 125812K [0x00000000e0000000, 0x0000000100000000, 0x0000000100000000)
  eden space 238592K, 0% used [0x00000000e0000000,0x00000000e0000000,0x00000000ee900000)
  from space 129024K, 97% used [0x00000000ee900000,0x00000000f63dd390,0x00000000f6700000)
  to   space 150528K, 0% used [0x00000000f6d00000,0x00000000f6d00000,0x0000000100000000)
 ParOldGen       total 732672K, used 542392K [0x00000000a0000000, 0x00000000ccb80000, 0x00000000e0000000)
  object space 732672K, 74% used [0x00000000a0000000,0x00000000c11ae360,0x00000000ccb80000)
 Metaspace       used 69342K, capacity 70960K, committed 71064K, reserved 1112064K
  class space    used 8740K, capacity 9092K, committed 9128K, reserved 1048576K
}
Event: 231.332 GC heap before
{Heap before GC invocations=93 (full 11):
 PSYoungGen      total 367616K, used 364404K [0x00000000e0000000, 0x0000000100000000, 0x0000000100000000)
  eden space 238592K, 100% used [0x00000000e0000000,0x00000000ee900000,0x00000000ee900000)
  from space 129024K, 97% used [0x00000000ee900000,0x00000000f63dd390,0x00000000f6700000)
  to   space 150528K, 0% used [0x00000000f6d00000,0x00000000f6d00000,0x0000000100000000)
 ParOldGen       total 732672K, used 542392K [0x00000000a0000000, 0x00000000ccb80000, 0x00000000e0000000)
  object space 732672K, 74% used [0x00000000a0000000,0x00000000c11ae360,0x00000000ccb80000)
 Metaspace       used 69342K, capacity 70960K, committed 71064K, reserved 1112064K
  class space    used 8740K, capacity 9092K, committed 9128K, reserved 1048576K
Event: 231.409 GC heap after
Heap after GC invocations=93 (full 11):
 PSYoungGen      total 382464K, used 57525K [0x00000000e0000000, 0x0000000100000000, 0x0000000100000000)
  eden space 231936K, 0% used [0x00000000e0000000,0x00000000e0000000,0x00000000ee280000)
  from space 150528K, 38% used [0x00000000f6d00000,0x00000000fa52d6b0,0x0000000100000000)
  to   space 141824K, 0% used [0x00000000ee280000,0x00000000ee280000,0x00000000f6d00000)
 ParOldGen       total 732672K, used 668232K [0x00000000a0000000, 0x00000000ccb80000, 0x00000000e0000000)
  object space 732672K, 91% used [0x00000000a0000000,0x00000000c8c92300,0x00000000ccb80000)
 Metaspace       used 69342K, capacity 70960K, committed 71064K, reserved 1112064K
  class space    used 8740K, capacity 9092K, committed 9128K, reserved 1048576K
}
Event: 231.409 GC heap before
{Heap before GC invocations=94 (full 12):
 PSYoungGen      total 382464K, used 57525K [0x00000000e0000000, 0x0000000100000000, 0x0000000100000000)
  eden space 231936K, 0% used [0x00000000e0000000,0x00000000e0000000,0x00000000ee280000)
  from space 150528K, 38% used [0x00000000f6d00000,0x00000000fa52d6b0,0x0000000100000000)
  to   space 141824K, 0% used [0x00000000ee280000,0x00000000ee280000,0x00000000f6d00000)
 ParOldGen       total 732672K, used 668232K [0x00000000a0000000, 0x00000000ccb80000, 0x00000000e0000000)
  object space 732672K, 91% used [0x00000000a0000000,0x00000000c8c92300,0x00000000ccb80000)
 Metaspace       used 69342K, capacity 70960K, committed 71064K, reserved 1112064K
  class space    used 8740K, capacity 9092K, committed 9128K, reserved 1048576K

