# JRE version: OpenJDK Runtime Environment (8.0_76-b03) (build 1.8.0_76-release-b03)
# Java VM: OpenJDK 64-Bit Server VM (25.76-b03 mixed mode windows-amd64 compressed oops)
Heap:
 PSYoungGen      total 349696K, used 298092K [0x00000000e0000000, 0x0000000100000000, 0x0000000100000000)
  eden space 175104K, 100% used [0x00000000e0000000,0x00000000eab00000,0x00000000eab00000)
  from space 174592K, 70% used [0x00000000eab00000,0x00000000f231b350,0x00000000f5580000)
  to   space 174592K, 50% used [0x00000000f5580000,0x00000000fac5ed18,0x0000000100000000)
 ParOldGen       total 1048576K, used 891032K [0x00000000a0000000, 0x00000000e0000000, 0x00000000e0000000)
  object space 1048576K, 84% used [0x00000000a0000000,0x00000000d66282f0,0x00000000e0000000)
 Metaspace       used 52853K, capacity 54192K, committed 54272K, reserved 1095680K
  class space    used 6817K, capacity 7120K, committed 7168K, reserved 1048576K
GC Heap History (10 events):
Event: 37.052 GC heap after
Heap after GC invocations=49 (full 8):
 PSYoungGen      total 235520K, used 58817K [0x00000000e0000000, 0x00000000ff080000, 0x0000000100000000)
  eden space 176640K, 0% used [0x00000000e0000000,0x00000000e0000000,0x00000000eac80000)
  from space 58880K, 99% used [0x00000000eac80000,0x00000000ee5f07f8,0x00000000ee600000)
  to   space 164864K, 0% used [0x00000000f4f80000,0x00000000f4f80000,0x00000000ff080000)
 ParOldGen       total 1048576K, used 834441K [0x00000000a0000000, 0x00000000e0000000, 0x00000000e0000000)
  object space 1048576K, 79% used [0x00000000a0000000,0x00000000d2ee2558,0x00000000e0000000)
 Metaspace       used 52423K, capacity 53744K, committed 54016K, reserved 1095680K
  class space    used 6801K, capacity 7120K, committed 7168K, reserved 1048576K
}
Event: 37.271 GC heap before
{Heap before GC invocations=50 (full 8):
 PSYoungGen      total 235520K, used 235457K [0x00000000e0000000, 0x00000000ff080000, 0x0000000100000000)
  eden space 176640K, 100% used [0x00000000e0000000,0x00000000eac80000,0x00000000eac80000)
  from space 58880K, 99% used [0x00000000eac80000,0x00000000ee5f07f8,0x00000000ee600000)
  to   space 164864K, 0% used [0x00000000f4f80000,0x00000000f4f80000,0x00000000ff080000)
 ParOldGen       total 1048576K, used 834441K [0x00000000a0000000, 0x00000000e0000000, 0x00000000e0000000)
  object space 1048576K, 79% used [0x00000000a0000000,0x00000000d2ee2558,0x00000000e0000000)
 Metaspace       used 52424K, capacity 53744K, committed 54016K, reserved 1095680K
  class space    used 6801K, capacity 7120K, committed 7168K, reserved 1048576K
Event: 37.340 GC heap after
Heap after GC invocations=50 (full 8):
 PSYoungGen      total 348160K, used 84282K [0x00000000e0000000, 0x00000000ff680000, 0x0000000100000000)
  eden space 183296K, 0% used [0x00000000e0000000,0x00000000e0000000,0x00000000eb300000)
  from space 164864K, 51% used [0x00000000f4f80000,0x00000000fa1ce948,0x00000000ff080000)
  to   space 160256K, 0% used [0x00000000eb300000,0x00000000eb300000,0x00000000f4f80000)
 ParOldGen       total 1048576K, used 834441K [0x00000000a0000000, 0x00000000e0000000, 0x00000000e0000000)
  object space 1048576K, 79% used [0x00000000a0000000,0x00000000d2ee2558,0x00000000e0000000)
 Metaspace       used 52424K, capacity 53744K, committed 54016K, reserved 1095680K
  class space    used 6801K, capacity 7120K, committed 7168K, reserved 1048576K
}
Event: 37.530 GC heap before
{Heap before GC invocations=51 (full 8):
 PSYoungGen      total 348160K, used 267578K [0x00000000e0000000, 0x00000000ff680000, 0x0000000100000000)
  eden space 183296K, 100% used [0x00000000e0000000,0x00000000eb300000,0x00000000eb300000)
  from space 164864K, 51% used [0x00000000f4f80000,0x00000000fa1ce948,0x00000000ff080000)
  to   space 160256K, 0% used [0x00000000eb300000,0x00000000eb300000,0x00000000f4f80000)
 ParOldGen       total 1048576K, used 834441K [0x00000000a0000000, 0x00000000e0000000, 0x00000000e0000000)
  object space 1048576K, 79% used [0x00000000a0000000,0x00000000d2ee2558,0x00000000e0000000)
 Metaspace       used 52424K, capacity 53744K, committed 54016K, reserved 1095680K
  class space    used 6801K, capacity 7120K, committed 7168K, reserved 1048576K
Event: 37.618 GC heap after
Heap after GC invocations=51 (full 8):
 PSYoungGen      total 343552K, used 109369K [0x00000000e0000000, 0x0000000100000000, 0x0000000100000000)
  eden space 183296K, 0% used [0x00000000e0000000,0x00000000e0000000,0x00000000eb300000)
  from space 160256K, 68% used [0x00000000eb300000,0x00000000f1dce488,0x00000000f4f80000)
  to   space 164864K, 0% used [0x00000000f5f00000,0x00000000f5f00000,0x0000000100000000)
 ParOldGen       total 1048576K, used 834441K [0x00000000a0000000, 0x00000000e0000000, 0x00000000e0000000)
  object space 1048576K, 79% used [0x00000000a0000000,0x00000000d2ee2558,0x00000000e0000000)
 Metaspace       used 52424K, capacity 53744K, committed 54016K, reserved 1095680K
  class space    used 6801K, capacity 7120K, committed 7168K, reserved 1048576K
}
Event: 37.926 GC heap before
{Heap before GC invocations=52 (full 8):
 PSYoungGen      total 343552K, used 292665K [0x00000000e0000000, 0x0000000100000000, 0x0000000100000000)
  eden space 183296K, 100% used [0x00000000e0000000,0x00000000eb300000,0x00000000eb300000)
  from space 160256K, 68% used [0x00000000eb300000,0x00000000f1dce488,0x00000000f4f80000)
  to   space 164864K, 0% used [0x00000000f5f00000,0x00000000f5f00000,0x0000000100000000)
 ParOldGen       total 1048576K, used 834441K [0x00000000a0000000, 0x00000000e0000000, 0x00000000e0000000)
  object space 1048576K, 79% used [0x00000000a0000000,0x00000000d2ee2558,0x00000000e0000000)
 Metaspace       used 52427K, capacity 53744K, committed 54016K, reserved 1095680K
  class space    used 6801K, capacity 7120K, committed 7168K, reserved 1048576K
Event: 38.063 GC heap after
Heap after GC invocations=52 (full 8):
 PSYoungGen      total 339968K, used 132315K [0x00000000e0000000, 0x0000000100000000, 0x0000000100000000)
  eden space 175104K, 0% used [0x00000000e0000000,0x00000000e0000000,0x00000000eab00000)
  from space 164864K, 80% used [0x00000000f5f00000,0x00000000fe036e30,0x0000000100000000)
  to   space 174592K, 0% used [0x00000000eab00000,0x00000000eab00000,0x00000000f5580000)
 ParOldGen       total 1048576K, used 834441K [0x00000000a0000000, 0x00000000e0000000, 0x00000000e0000000)
  object space 1048576K, 79% used [0x00000000a0000000,0x00000000d2ee2558,0x00000000e0000000)
 Metaspace       used 52427K, capacity 53744K, committed 54016K, reserved 1095680K
  class space    used 6801K, capacity 7120K, committed 7168K, reserved 1048576K
}
Event: 38.531 GC heap before
{Heap before GC invocations=53 (full 8):
 PSYoungGen      total 339968K, used 307419K [0x00000000e0000000, 0x0000000100000000, 0x0000000100000000)
  eden space 175104K, 100% used [0x00000000e0000000,0x00000000eab00000,0x00000000eab00000)
  from space 164864K, 80% used [0x00000000f5f00000,0x00000000fe036e30,0x0000000100000000)
  to   space 174592K, 0% used [0x00000000eab00000,0x00000000eab00000,0x00000000f5580000)
 ParOldGen       total 1048576K, used 834441K [0x00000000a0000000, 0x00000000e0000000, 0x00000000e0000000)
  object space 1048576K, 79% used [0x00000000a0000000,0x00000000d2ee2558,0x00000000e0000000)
 Metaspace       used 52451K, capacity 53808K, committed 54016K, reserved 1095680K
  class space    used 6801K, capacity 7120K, committed 7168K, reserved 1048576K
Event: 38.698 GC heap after
Heap after GC invocations=53 (full 8):
 PSYoungGen      total 349696K, used 122988K [0x00000000e0000000, 0x0000000100000000, 0x0000000100000000)
  eden space 175104K, 0% used [0x00000000e0000000,0x00000000e0000000,0x00000000eab00000)
  from space 174592K, 70% used [0x00000000eab00000,0x00000000f231b350,0x00000000f5580000)
  to   space 174592K, 0% used [0x00000000f5580000,0x00000000f5580000,0x0000000100000000)
 ParOldGen       total 1048576K, used 864979K [0x00000000a0000000, 0x00000000e0000000, 0x00000000e0000000)
  object space 1048576K, 82% used [0x00000000a0000000,0x00000000d4cb4f48,0x00000000e0000000)
 Metaspace       used 52451K, capacity 53808K, committed 54016K, reserved 1095680K
  class space    used 6801K, capacity 7120K, committed 7168K, reserved 1048576K
}
Event: 40.441 GC heap before
{Heap before GC invocations=54 (full 8):
 PSYoungGen      total 349696K, used 298092K [0x00000000e0000000, 0x0000000100000000, 0x0000000100000000)
  eden space 175104K, 100% used [0x00000000e0000000,0x00000000eab00000,0x00000000eab00000)
  from space 174592K, 70% used [0x00000000eab00000,0x00000000f231b350,0x00000000f5580000)
  to   space 174592K, 0% used [0x00000000f5580000,0x00000000f5580000,0x0000000100000000)
 ParOldGen       total 1048576K, used 864979K [0x00000000a0000000, 0x00000000e0000000, 0x00000000e0000000)
  object space 1048576K, 82% used [0x00000000a0000000,0x00000000d4cb4f48,0x00000000e0000000)
 Metaspace       used 52853K, capacity 54192K, committed 54272K, reserved 1095680K
  class space    used 6817K, capacity 7120K, committed 7168K, reserved 1048576K

