# JRE version: OpenJDK Runtime Environment (8.0_76-b03) (build 1.8.0_76-release-b03)
# Java VM: OpenJDK 64-Bit Server VM (25.76-b03 mixed mode windows-amd64 compressed oops)
Heap:
 PSYoungGen      total 339456K, used 311124K [0x00000000e0000000, 0x0000000100000000, 0x0000000100000000)
  eden space 175104K, 100% used [0x00000000e0000000,0x00000000eab00000,0x00000000eab00000)
  from space 164352K, 82% used [0x00000000f5f80000,0x00000000fe4552a8,0x0000000100000000)
  to   space 174592K, 36% used [0x00000000eab00000,0x00000000ee94ab60,0x00000000f5580000)
 ParOldGen       total 974848K, used 111097K [0x00000000a0000000, 0x00000000db800000, 0x00000000e0000000)
  object space 974848K, 11% used [0x00000000a0000000,0x00000000a6c7e558,0x00000000db800000)
 Metaspace       used 87275K, capacity 91808K, committed 92160K, reserved 1128448K
  class space    used 11258K, capacity 12185K, committed 12288K, reserved 1048576K
GC Heap History (10 events):
Event: 781.839 GC heap after
Heap after GC invocations=136 (full 14):
 PSYoungGen      total 333824K, used 31967K [0x00000000e0000000, 0x00000000ff080000, 0x0000000100000000)
  eden space 176640K, 0% used [0x00000000e0000000,0x00000000e0000000,0x00000000eac80000)
  from space 157184K, 20% used [0x00000000f5700000,0x00000000f7637fd0,0x00000000ff080000)
  to   space 165888K, 0% used [0x00000000eac80000,0x00000000eac80000,0x00000000f4e80000)
 ParOldGen       total 974848K, used 107365K [0x00000000a0000000, 0x00000000db800000, 0x00000000e0000000)
  object space 974848K, 11% used [0x00000000a0000000,0x00000000a68d9440,0x00000000db800000)
 Metaspace       used 87274K, capacity 91808K, committed 92160K, reserved 1128448K
  class space    used 11258K, capacity 12185K, committed 12288K, reserved 1048576K
}
Event: 781.947 GC heap before
{Heap before GC invocations=137 (full 14):
 PSYoungGen      total 333824K, used 208607K [0x00000000e0000000, 0x00000000ff080000, 0x0000000100000000)
  eden space 176640K, 100% used [0x00000000e0000000,0x00000000eac80000,0x00000000eac80000)
  from space 157184K, 20% used [0x00000000f5700000,0x00000000f7637fd0,0x00000000ff080000)
  to   space 165888K, 0% used [0x00000000eac80000,0x00000000eac80000,0x00000000f4e80000)
 ParOldGen       total 974848K, used 107365K [0x00000000a0000000, 0x00000000db800000, 0x00000000e0000000)
  object space 974848K, 11% used [0x00000000a0000000,0x00000000a68d9440,0x00000000db800000)
 Metaspace       used 87275K, capacity 91808K, committed 92160K, reserved 1128448K
  class space    used 11258K, capacity 12185K, committed 12288K, reserved 1048576K
Event: 781.988 GC heap after
Heap after GC invocations=137 (full 14):
 PSYoungGen      total 342528K, used 57559K [0x00000000e0000000, 0x00000000fe800000, 0x0000000100000000)
  eden space 176640K, 0% used [0x00000000e0000000,0x00000000e0000000,0x00000000eac80000)
  from space 165888K, 34% used [0x00000000eac80000,0x00000000ee4b5e18,0x00000000f4e80000)
  to   space 155648K, 0% used [0x00000000f5000000,0x00000000f5000000,0x00000000fe800000)
 ParOldGen       total 974848K, used 107365K [0x00000000a0000000, 0x00000000db800000, 0x00000000e0000000)
  object space 974848K, 11% used [0x00000000a0000000,0x00000000a68d9440,0x00000000db800000)
 Metaspace       used 87275K, capacity 91808K, committed 92160K, reserved 1128448K
  class space    used 11258K, capacity 12185K, committed 12288K, reserved 1048576K
}
Event: 782.120 GC heap before
{Heap before GC invocations=138 (full 14):
 PSYoungGen      total 342528K, used 234199K [0x00000000e0000000, 0x00000000fe800000, 0x0000000100000000)
  eden space 176640K, 100% used [0x00000000e0000000,0x00000000eac80000,0x00000000eac80000)
  from space 165888K, 34% used [0x00000000eac80000,0x00000000ee4b5e18,0x00000000f4e80000)
  to   space 155648K, 0% used [0x00000000f5000000,0x00000000f5000000,0x00000000fe800000)
 ParOldGen       total 974848K, used 107365K [0x00000000a0000000, 0x00000000db800000, 0x00000000e0000000)
  object space 974848K, 11% used [0x00000000a0000000,0x00000000a68d9440,0x00000000db800000)
 Metaspace       used 87275K, capacity 91808K, committed 92160K, reserved 1128448K
  class space    used 11258K, capacity 12185K, committed 12288K, reserved 1048576K
Event: 782.184 GC heap after
Heap after GC invocations=138 (full 14):
 PSYoungGen      total 344576K, used 80993K [0x00000000e0000000, 0x00000000fe780000, 0x0000000100000000)
  eden space 189440K, 0% used [0x00000000e0000000,0x00000000e0000000,0x00000000eb900000)
  from space 155136K, 52% used [0x00000000f5000000,0x00000000f9f18428,0x00000000fe780000)
  to   space 154624K, 0% used [0x00000000eb900000,0x00000000eb900000,0x00000000f5000000)
 ParOldGen       total 974848K, used 107373K [0x00000000a0000000, 0x00000000db800000, 0x00000000e0000000)
  object space 974848K, 11% used [0x00000000a0000000,0x00000000a68db440,0x00000000db800000)
 Metaspace       used 87275K, capacity 91808K, committed 92160K, reserved 1128448K
  class space    used 11258K, capacity 12185K, committed 12288K, reserved 1048576K
}
Event: 782.325 GC heap before
{Heap before GC invocations=139 (full 14):
 PSYoungGen      total 344576K, used 270433K [0x00000000e0000000, 0x00000000fe780000, 0x0000000100000000)
  eden space 189440K, 100% used [0x00000000e0000000,0x00000000eb900000,0x00000000eb900000)
  from space 155136K, 52% used [0x00000000f5000000,0x00000000f9f18428,0x00000000fe780000)
  to   space 154624K, 0% used [0x00000000eb900000,0x00000000eb900000,0x00000000f5000000)
 ParOldGen       total 974848K, used 107373K [0x00000000a0000000, 0x00000000db800000, 0x00000000e0000000)
  object space 974848K, 11% used [0x00000000a0000000,0x00000000a68db440,0x00000000db800000)
 Metaspace       used 87275K, capacity 91808K, committed 92160K, reserved 1128448K
  class space    used 11258K, capacity 12185K, committed 12288K, reserved 1048576K
Event: 782.409 GC heap after
Heap after GC invocations=139 (full 14):
 PSYoungGen      total 344064K, used 110366K [0x00000000e0000000, 0x0000000100000000, 0x0000000100000000)
  eden space 189440K, 0% used [0x00000000e0000000,0x00000000e0000000,0x00000000eb900000)
  from space 154624K, 71% used [0x00000000eb900000,0x00000000f24c7a98,0x00000000f5000000)
  to   space 164352K, 0% used [0x00000000f5f80000,0x00000000f5f80000,0x0000000100000000)
 ParOldGen       total 974848K, used 107373K [0x00000000a0000000, 0x00000000db800000, 0x00000000e0000000)
  object space 974848K, 11% used [0x00000000a0000000,0x00000000a68db440,0x00000000db800000)
 Metaspace       used 87275K, capacity 91808K, committed 92160K, reserved 1128448K
  class space    used 11258K, capacity 12185K, committed 12288K, reserved 1048576K
}
Event: 782.556 GC heap before
{Heap before GC invocations=140 (full 14):
 PSYoungGen      total 344064K, used 299806K [0x00000000e0000000, 0x0000000100000000, 0x0000000100000000)
  eden space 189440K, 100% used [0x00000000e0000000,0x00000000eb900000,0x00000000eb900000)
  from space 154624K, 71% used [0x00000000eb900000,0x00000000f24c7a98,0x00000000f5000000)
  to   space 164352K, 0% used [0x00000000f5f80000,0x00000000f5f80000,0x0000000100000000)
 ParOldGen       total 974848K, used 107373K [0x00000000a0000000, 0x00000000db800000, 0x00000000e0000000)
  object space 974848K, 11% used [0x00000000a0000000,0x00000000a68db440,0x00000000db800000)
 Metaspace       used 87275K, capacity 91808K, committed 92160K, reserved 1128448K
  class space    used 11258K, capacity 12185K, committed 12288K, reserved 1048576K
Event: 782.682 GC heap after
Heap after GC invocations=140 (full 14):
 PSYoungGen      total 339456K, used 136020K [0x00000000e0000000, 0x0000000100000000, 0x0000000100000000)
  eden space 175104K, 0% used [0x00000000e0000000,0x00000000e0000000,0x00000000eab00000)
  from space 164352K, 82% used [0x00000000f5f80000,0x00000000fe4552a8,0x0000000100000000)
  to   space 174592K, 0% used [0x00000000eab00000,0x00000000eab00000,0x00000000f5580000)
 ParOldGen       total 974848K, used 107373K [0x00000000a0000000, 0x00000000db800000, 0x00000000e0000000)
  object space 974848K, 11% used [0x00000000a0000000,0x00000000a68db440,0x00000000db800000)
 Metaspace       used 87275K, capacity 91808K, committed 92160K, reserved 1128448K
  class space    used 11258K, capacity 12185K, committed 12288K, reserved 1048576K
}
Event: 782.801 GC heap before
{Heap before GC invocations=141 (full 14):
 PSYoungGen      total 339456K, used 311124K [0x00000000e0000000, 0x0000000100000000, 0x0000000100000000)
  eden space 175104K, 100% used [0x00000000e0000000,0x00000000eab00000,0x00000000eab00000)
  from space 164352K, 82% used [0x00000000f5f80000,0x00000000fe4552a8,0x0000000100000000)
  to   space 174592K, 0% used [0x00000000eab00000,0x00000000eab00000,0x00000000f5580000)
 ParOldGen       total 974848K, used 107373K [0x00000000a0000000, 0x00000000db800000, 0x00000000e0000000)
  object space 974848K, 11% used [0x00000000a0000000,0x00000000a68db440,0x00000000db800000)
 Metaspace       used 87275K, capacity 91808K, committed 92160K, reserved 1128448K
  class space    used 11258K, capacity 12185K, committed 12288K, reserved 1048576K

