# JRE version: OpenJDK Runtime Environment (8.0_76-b03) (build 1.8.0_76-release-b03)
# Java VM: OpenJDK 64-Bit Server VM (25.76-b03 mixed mode windows-amd64 compressed oops)
Heap:
 PSYoungGen      total 287232K, used 287216K [0x00000000e0000000, 0x00000000f6e80000, 0x0000000100000000)
  eden space 256512K, 100% used [0x00000000e0000000,0x00000000efa80000,0x00000000efa80000)
  from space 30720K, 99% used [0x00000000f2380000,0x00000000f417c2d8,0x00000000f4180000)
  to   space 41984K, 99% used [0x00000000efa80000,0x00000000f237bd58,0x00000000f2380000)
 ParOldGen       total 112640K, used 84960K [0x00000000a0000000, 0x00000000a6e00000, 0x00000000e0000000)
  object space 112640K, 75% used [0x00000000a0000000,0x00000000a52f83d8,0x00000000a6e00000)
 Metaspace       used 52790K, capacity 54190K, committed 54400K, reserved 1095680K
  class space    used 6850K, capacity 7173K, committed 7296K, reserved 1048576K
GC Heap History (10 events):
Event: 9.962 GC heap after
Heap after GC invocations=10 (full 2):
 PSYoungGen      total 179200K, used 8305K [0x00000000e0000000, 0x00000000ec780000, 0x0000000100000000)
  eden space 164864K, 0% used [0x00000000e0000000,0x00000000e0000000,0x00000000ea100000)
  from space 14336K, 57% used [0x00000000eae80000,0x00000000eb69c6f8,0x00000000ebc80000)
  to   space 13824K, 0% used [0x00000000ea100000,0x00000000ea100000,0x00000000eae80000)
 ParOldGen       total 112640K, used 18840K [0x00000000a0000000, 0x00000000a6e00000, 0x00000000e0000000)
  object space 112640K, 16% used [0x00000000a0000000,0x00000000a1266290,0x00000000a6e00000)
 Metaspace       used 43383K, capacity 44182K, committed 44672K, reserved 1087488K
  class space    used 5747K, capacity 5973K, committed 6016K, reserved 1048576K
}
Event: 12.753 GC heap before
{Heap before GC invocations=11 (full 2):
 PSYoungGen      total 179200K, used 173169K [0x00000000e0000000, 0x00000000ec780000, 0x0000000100000000)
  eden space 164864K, 100% used [0x00000000e0000000,0x00000000ea100000,0x00000000ea100000)
  from space 14336K, 57% used [0x00000000eae80000,0x00000000eb69c6f8,0x00000000ebc80000)
  to   space 13824K, 0% used [0x00000000ea100000,0x00000000ea100000,0x00000000eae80000)
 ParOldGen       total 112640K, used 18840K [0x00000000a0000000, 0x00000000a6e00000, 0x00000000e0000000)
  object space 112640K, 16% used [0x00000000a0000000,0x00000000a1266290,0x00000000a6e00000)
 Metaspace       used 48987K, capacity 50218K, committed 50304K, reserved 1093632K
  class space    used 6514K, capacity 6781K, committed 6784K, reserved 1048576K
Event: 12.925 GC heap after
Heap after GC invocations=11 (full 2):
 PSYoungGen      total 178688K, used 13808K [0x00000000e0000000, 0x00000000ef580000, 0x0000000100000000)
  eden space 164864K, 0% used [0x00000000e0000000,0x00000000e0000000,0x00000000ea100000)
  from space 13824K, 99% used [0x00000000ea100000,0x00000000eae7c010,0x00000000eae80000)
  to   space 18432K, 0% used [0x00000000ee380000,0x00000000ee380000,0x00000000ef580000)
 ParOldGen       total 112640K, used 26572K [0x00000000a0000000, 0x00000000a6e00000, 0x00000000e0000000)
  object space 112640K, 23% used [0x00000000a0000000,0x00000000a19f33e0,0x00000000a6e00000)
 Metaspace       used 48987K, capacity 50218K, committed 50304K, reserved 1093632K
  class space    used 6514K, capacity 6781K, committed 6784K, reserved 1048576K
}
Event: 15.830 GC heap before
{Heap before GC invocations=12 (full 2):
 PSYoungGen      total 178688K, used 178672K [0x00000000e0000000, 0x00000000ef580000, 0x0000000100000000)
  eden space 164864K, 100% used [0x00000000e0000000,0x00000000ea100000,0x00000000ea100000)
  from space 13824K, 99% used [0x00000000ea100000,0x00000000eae7c010,0x00000000eae80000)
  to   space 18432K, 0% used [0x00000000ee380000,0x00000000ee380000,0x00000000ef580000)
 ParOldGen       total 112640K, used 26572K [0x00000000a0000000, 0x00000000a6e00000, 0x00000000e0000000)
  object space 112640K, 23% used [0x00000000a0000000,0x00000000a19f33e0,0x00000000a6e00000)
 Metaspace       used 50174K, capacity 51598K, committed 51840K, reserved 1093632K
  class space    used 6676K, capacity 7013K, committed 7040K, reserved 1048576K
Event: 15.854 GC heap after
Heap after GC invocations=12 (full 2):
 PSYoungGen      total 227840K, used 18416K [0x00000000e0000000, 0x00000000ef880000, 0x0000000100000000)
  eden space 209408K, 0% used [0x00000000e0000000,0x00000000e0000000,0x00000000ecc80000)
  from space 18432K, 99% used [0x00000000ee380000,0x00000000ef57c070,0x00000000ef580000)
  to   space 22528K, 0% used [0x00000000ecc80000,0x00000000ecc80000,0x00000000ee280000)
 ParOldGen       total 112640K, used 31424K [0x00000000a0000000, 0x00000000a6e00000, 0x00000000e0000000)
  object space 112640K, 27% used [0x00000000a0000000,0x00000000a1eb0150,0x00000000a6e00000)
 Metaspace       used 50174K, capacity 51598K, committed 51840K, reserved 1093632K
  class space    used 6676K, capacity 7013K, committed 7040K, reserved 1048576K
}
Event: 17.003 GC heap before
{Heap before GC invocations=13 (full 2):
 PSYoungGen      total 227840K, used 227824K [0x00000000e0000000, 0x00000000ef880000, 0x0000000100000000)
  eden space 209408K, 100% used [0x00000000e0000000,0x00000000ecc80000,0x00000000ecc80000)
  from space 18432K, 99% used [0x00000000ee380000,0x00000000ef57c070,0x00000000ef580000)
  to   space 22528K, 0% used [0x00000000ecc80000,0x00000000ecc80000,0x00000000ee280000)
 ParOldGen       total 112640K, used 31424K [0x00000000a0000000, 0x00000000a6e00000, 0x00000000e0000000)
  object space 112640K, 27% used [0x00000000a0000000,0x00000000a1eb0150,0x00000000a6e00000)
 Metaspace       used 52526K, capacity 53934K, committed 54144K, reserved 1095680K
  class space    used 6849K, capacity 7173K, committed 7296K, reserved 1048576K
Event: 17.040 GC heap after
Heap after GC invocations=13 (full 2):
 PSYoungGen      total 231936K, used 22500K [0x00000000e0000000, 0x00000000f4180000, 0x0000000100000000)
  eden space 209408K, 0% used [0x00000000e0000000,0x00000000e0000000,0x00000000ecc80000)
  from space 22528K, 99% used [0x00000000ecc80000,0x00000000ee279050,0x00000000ee280000)
  to   space 30720K, 0% used [0x00000000f2380000,0x00000000f2380000,0x00000000f4180000)
 ParOldGen       total 112640K, used 45107K [0x00000000a0000000, 0x00000000a6e00000, 0x00000000e0000000)
  object space 112640K, 40% used [0x00000000a0000000,0x00000000a2c0cfc8,0x00000000a6e00000)
 Metaspace       used 52526K, capacity 53934K, committed 54144K, reserved 1095680K
  class space    used 6849K, capacity 7173K, committed 7296K, reserved 1048576K
}
Event: 17.629 GC heap before
{Heap before GC invocations=14 (full 2):
 PSYoungGen      total 231936K, used 231908K [0x00000000e0000000, 0x00000000f4180000, 0x0000000100000000)
  eden space 209408K, 100% used [0x00000000e0000000,0x00000000ecc80000,0x00000000ecc80000)
  from space 22528K, 99% used [0x00000000ecc80000,0x00000000ee279050,0x00000000ee280000)
  to   space 30720K, 0% used [0x00000000f2380000,0x00000000f2380000,0x00000000f4180000)
 ParOldGen       total 112640K, used 45107K [0x00000000a0000000, 0x00000000a6e00000, 0x00000000e0000000)
  object space 112640K, 40% used [0x00000000a0000000,0x00000000a2c0cfc8,0x00000000a6e00000)
 Metaspace       used 52700K, capacity 54062K, committed 54400K, reserved 1095680K
  class space    used 6849K, capacity 7173K, committed 7296K, reserved 1048576K
Event: 17.736 GC heap after
Heap after GC invocations=14 (full 2):
 PSYoungGen      total 287232K, used 30704K [0x00000000e0000000, 0x00000000f6e80000, 0x0000000100000000)
  eden space 256512K, 0% used [0x00000000e0000000,0x00000000e0000000,0x00000000efa80000)
  from space 30720K, 99% used [0x00000000f2380000,0x00000000f417c2d8,0x00000000f4180000)
  to   space 41984K, 0% used [0x00000000efa80000,0x00000000efa80000,0x00000000f2380000)
 ParOldGen       total 112640K, used 62574K [0x00000000a0000000, 0x00000000a6e00000, 0x00000000e0000000)
  object space 112640K, 55% used [0x00000000a0000000,0x00000000a3d1b838,0x00000000a6e00000)
 Metaspace       used 52700K, capacity 54062K, committed 54400K, reserved 1095680K
  class space    used 6849K, capacity 7173K, committed 7296K, reserved 1048576K
}
Event: 18.372 GC heap before
{Heap before GC invocations=15 (full 2):
 PSYoungGen      total 287232K, used 287216K [0x00000000e0000000, 0x00000000f6e80000, 0x0000000100000000)
  eden space 256512K, 100% used [0x00000000e0000000,0x00000000efa80000,0x00000000efa80000)
  from space 30720K, 99% used [0x00000000f2380000,0x00000000f417c2d8,0x00000000f4180000)
  to   space 41984K, 0% used [0x00000000efa80000,0x00000000efa80000,0x00000000f2380000)
 ParOldGen       total 112640K, used 62574K [0x00000000a0000000, 0x00000000a6e00000, 0x00000000e0000000)
  object space 112640K, 55% used [0x00000000a0000000,0x00000000a3d1b838,0x00000000a6e00000)
 Metaspace       used 52790K, capacity 54190K, committed 54400K, reserved 1095680K
  class space    used 6850K, capacity 7173K, committed 7296K, reserved 1048576K

