# JRE version: OpenJDK Runtime Environment (8.0_76-b03) (build 1.8.0_76-release-b03)
# Java VM: OpenJDK 64-Bit Server VM (25.76-b03 mixed mode windows-amd64 compressed oops)
Heap:
 PSYoungGen      total 349696K, used 240667K [0x00000000e0000000, 0x0000000100000000, 0x0000000100000000)
  eden space 175104K, 100% used [0x00000000e0000000,0x00000000eab00000,0x00000000eab00000)
  from space 174592K, 37% used [0x00000000eab00000,0x00000000eeb06e60,0x00000000f5580000)
  to   space 174592K, 15% used [0x00000000f5580000,0x00000000f6f35978,0x0000000100000000)
 ParOldGen       total 448512K, used 431259K [0x00000000a0000000, 0x00000000bb600000, 0x00000000e0000000)
  object space 448512K, 96% used [0x00000000a0000000,0x00000000ba526c78,0x00000000bb600000)
 Metaspace       used 83502K, capacity 87204K, committed 87336K, reserved 1126400K
  class space    used 10543K, capacity 11266K, committed 11312K, reserved 1048576K
GC Heap History (10 events):
Event: 168.267 GC heap after
Heap after GC invocations=75 (full 10):
 PSYoungGen      total 349696K, used 126765K [0x00000000e0000000, 0x0000000100000000, 0x0000000100000000)
  eden space 175104K, 0% used [0x00000000e0000000,0x00000000e0000000,0x00000000eab00000)
  from space 174592K, 72% used [0x00000000eab00000,0x00000000f26cb7c0,0x00000000f5580000)
  to   space 174592K, 0% used [0x00000000f5580000,0x00000000f5580000,0x0000000100000000)
 ParOldGen       total 448512K, used 226750K [0x00000000a0000000, 0x00000000bb600000, 0x00000000e0000000)
  object space 448512K, 50% used [0x00000000a0000000,0x00000000add6fab0,0x00000000bb600000)
 Metaspace       used 83497K, capacity 87204K, committed 87336K, reserved 1126400K
  class space    used 10543K, capacity 11266K, committed 11312K, reserved 1048576K
}
Event: 168.404 GC heap before
{Heap before GC invocations=76 (full 10):
 PSYoungGen      total 349696K, used 301869K [0x00000000e0000000, 0x0000000100000000, 0x0000000100000000)
  eden space 175104K, 100% used [0x00000000e0000000,0x00000000eab00000,0x00000000eab00000)
  from space 174592K, 72% used [0x00000000eab00000,0x00000000f26cb7c0,0x00000000f5580000)
  to   space 174592K, 0% used [0x00000000f5580000,0x00000000f5580000,0x0000000100000000)
 ParOldGen       total 448512K, used 226751K [0x00000000a0000000, 0x00000000bb600000, 0x00000000e0000000)
  object space 448512K, 50% used [0x00000000a0000000,0x00000000add6fef0,0x00000000bb600000)
 Metaspace       used 83498K, capacity 87204K, committed 87336K, reserved 1126400K
  class space    used 10543K, capacity 11266K, committed 11312K, reserved 1048576K
Event: 168.511 GC heap after
Heap after GC invocations=76 (full 10):
 PSYoungGen      total 349696K, used 123016K [0x00000000e0000000, 0x0000000100000000, 0x0000000100000000)
  eden space 175104K, 0% used [0x00000000e0000000,0x00000000e0000000,0x00000000eab00000)
  from space 174592K, 70% used [0x00000000f5580000,0x00000000fcda21d0,0x0000000100000000)
  to   space 174592K, 0% used [0x00000000eab00000,0x00000000eab00000,0x00000000f5580000)
 ParOldGen       total 448512K, used 254619K [0x00000000a0000000, 0x00000000bb600000, 0x00000000e0000000)
  object space 448512K, 56% used [0x00000000a0000000,0x00000000af8a6c08,0x00000000bb600000)
 Metaspace       used 83498K, capacity 87204K, committed 87336K, reserved 1126400K
  class space    used 10543K, capacity 11266K, committed 11312K, reserved 1048576K
}
Event: 168.648 GC heap before
{Heap before GC invocations=77 (full 10):
 PSYoungGen      total 349696K, used 298120K [0x00000000e0000000, 0x0000000100000000, 0x0000000100000000)
  eden space 175104K, 100% used [0x00000000e0000000,0x00000000eab00000,0x00000000eab00000)
  from space 174592K, 70% used [0x00000000f5580000,0x00000000fcda21d0,0x0000000100000000)
  to   space 174592K, 0% used [0x00000000eab00000,0x00000000eab00000,0x00000000f5580000)
 ParOldGen       total 448512K, used 254655K [0x00000000a0000000, 0x00000000bb600000, 0x00000000e0000000)
  object space 448512K, 56% used [0x00000000a0000000,0x00000000af8afde8,0x00000000bb600000)
 Metaspace       used 83500K, capacity 87204K, committed 87336K, reserved 1126400K
  class space    used 10543K, capacity 11266K, committed 11312K, reserved 1048576K
Event: 168.739 GC heap after
Heap after GC invocations=77 (full 10):
 PSYoungGen      total 349696K, used 73213K [0x00000000e0000000, 0x0000000100000000, 0x0000000100000000)
  eden space 175104K, 0% used [0x00000000e0000000,0x00000000e0000000,0x00000000eab00000)
  from space 174592K, 41% used [0x00000000eab00000,0x00000000ef27f4c0,0x00000000f5580000)
  to   space 174592K, 0% used [0x00000000f5580000,0x00000000f5580000,0x0000000100000000)
 ParOldGen       total 448512K, used 308736K [0x00000000a0000000, 0x00000000bb600000, 0x00000000e0000000)
  object space 448512K, 68% used [0x00000000a0000000,0x00000000b2d80020,0x00000000bb600000)
 Metaspace       used 83500K, capacity 87204K, committed 87336K, reserved 1126400K
  class space    used 10543K, capacity 11266K, committed 11312K, reserved 1048576K
}
Event: 168.879 GC heap before
{Heap before GC invocations=78 (full 10):
 PSYoungGen      total 349696K, used 248317K [0x00000000e0000000, 0x0000000100000000, 0x0000000100000000)
  eden space 175104K, 100% used [0x00000000e0000000,0x00000000eab00000,0x00000000eab00000)
  from space 174592K, 41% used [0x00000000eab00000,0x00000000ef27f4c0,0x00000000f5580000)
  to   space 174592K, 0% used [0x00000000f5580000,0x00000000f5580000,0x0000000100000000)
 ParOldGen       total 448512K, used 308737K [0x00000000a0000000, 0x00000000bb600000, 0x00000000e0000000)
  object space 448512K, 68% used [0x00000000a0000000,0x00000000b2d80768,0x00000000bb600000)
 Metaspace       used 83502K, capacity 87204K, committed 87336K, reserved 1126400K
  class space    used 10543K, capacity 11266K, committed 11312K, reserved 1048576K
Event: 168.962 GC heap after
Heap after GC invocations=78 (full 10):
 PSYoungGen      total 349696K, used 69341K [0x00000000e0000000, 0x0000000100000000, 0x0000000100000000)
  eden space 175104K, 0% used [0x00000000e0000000,0x00000000e0000000,0x00000000eab00000)
  from space 174592K, 39% used [0x00000000f5580000,0x00000000f9937548,0x0000000100000000)
  to   space 174592K, 0% used [0x00000000eab00000,0x00000000eab00000,0x00000000f5580000)
 ParOldGen       total 448512K, used 345755K [0x00000000a0000000, 0x00000000bb600000, 0x00000000e0000000)
  object space 448512K, 77% used [0x00000000a0000000,0x00000000b51a6e20,0x00000000bb600000)
 Metaspace       used 83502K, capacity 87204K, committed 87336K, reserved 1126400K
  class space    used 10543K, capacity 11266K, committed 11312K, reserved 1048576K
}
Event: 169.124 GC heap before
{Heap before GC invocations=79 (full 10):
 PSYoungGen      total 349696K, used 244445K [0x00000000e0000000, 0x0000000100000000, 0x0000000100000000)
  eden space 175104K, 100% used [0x00000000e0000000,0x00000000eab00000,0x00000000eab00000)
  from space 174592K, 39% used [0x00000000f5580000,0x00000000f9937548,0x0000000100000000)
  to   space 174592K, 0% used [0x00000000eab00000,0x00000000eab00000,0x00000000f5580000)
 ParOldGen       total 448512K, used 345755K [0x00000000a0000000, 0x00000000bb600000, 0x00000000e0000000)
  object space 448512K, 77% used [0x00000000a0000000,0x00000000b51a6e20,0x00000000bb600000)
 Metaspace       used 83502K, capacity 87204K, committed 87336K, reserved 1126400K
  class space    used 10543K, capacity 11266K, committed 11312K, reserved 1048576K
Event: 169.196 GC heap after
Heap after GC invocations=79 (full 10):
 PSYoungGen      total 349696K, used 65563K [0x00000000e0000000, 0x0000000100000000, 0x0000000100000000)
  eden space 175104K, 0% used [0x00000000e0000000,0x00000000e0000000,0x00000000eab00000)
  from space 174592K, 37% used [0x00000000eab00000,0x00000000eeb06e60,0x00000000f5580000)
  to   space 174592K, 0% used [0x00000000f5580000,0x00000000f5580000,0x0000000100000000)
 ParOldGen       total 448512K, used 379292K [0x00000000a0000000, 0x00000000bb600000, 0x00000000e0000000)
  object space 448512K, 84% used [0x00000000a0000000,0x00000000b7267180,0x00000000bb600000)
 Metaspace       used 83502K, capacity 87204K, committed 87336K, reserved 1126400K
  class space    used 10543K, capacity 11266K, committed 11312K, reserved 1048576K
}
Event: 169.446 GC heap before
{Heap before GC invocations=80 (full 10):
 PSYoungGen      total 349696K, used 240667K [0x00000000e0000000, 0x0000000100000000, 0x0000000100000000)
  eden space 175104K, 100% used [0x00000000e0000000,0x00000000eab00000,0x00000000eab00000)
  from space 174592K, 37% used [0x00000000eab00000,0x00000000eeb06e60,0x00000000f5580000)
  to   space 174592K, 0% used [0x00000000f5580000,0x00000000f5580000,0x0000000100000000)
 ParOldGen       total 448512K, used 379783K [0x00000000a0000000, 0x00000000bb600000, 0x00000000e0000000)
  object space 448512K, 84% used [0x00000000a0000000,0x00000000b72e1cb0,0x00000000bb600000)
 Metaspace       used 83502K, capacity 87204K, committed 87336K, reserved 1126400K
  class space    used 10543K, capacity 11266K, committed 11312K, reserved 1048576K

