# JRE version: OpenJDK Runtime Environment (8.0_76-b03) (build 1.8.0_76-release-b03)
# Java VM: OpenJDK 64-Bit Server VM (25.76-b03 mixed mode windows-amd64 compressed oops)
Heap:
 PSYoungGen      total 344064K, used 220360K [0x00000000e0000000, 0x00000000ff180000, 0x0000000100000000)
  eden space 178688K, 95% used [0x00000000e0000000,0x00000000ea6cd4d0,0x00000000eae80000)
  from space 165376K, 29% used [0x00000000eae80000,0x00000000edee4d08,0x00000000f5000000)
  to   space 158720K, 0% used [0x00000000f5680000,0x00000000f5680000,0x00000000ff180000)
 ParOldGen       total 1048576K, used 935431K [0x00000000a0000000, 0x00000000e0000000, 0x00000000e0000000)
  object space 1048576K, 89% used [0x00000000a0000000,0x00000000d9181e98,0x00000000e0000000)
 Metaspace       used 60001K, capacity 61306K, committed 61568K, reserved 1103872K
  class space    used 7750K, capacity 8033K, committed 8064K, reserved 1048576K
GC Heap History (10 events):
Event: 43.075 GC heap before
{Heap before GC invocations=53 (full 7):
 PSYoungGen      total 291840K, used 291703K [0x00000000e0000000, 0x0000000100000000, 0x0000000100000000)
  eden space 179200K, 100% used [0x00000000e0000000,0x00000000eaf00000,0x00000000eaf00000)
  from space 112640K, 99% used [0x00000000eaf00000,0x00000000f1cdde78,0x00000000f1d00000)
  to   space 174592K, 0% used [0x00000000f5580000,0x00000000f5580000,0x0000000100000000)
 ParOldGen       total 1033216K, used 876971K [0x00000000a0000000, 0x00000000df100000, 0x00000000e0000000)
  object space 1033216K, 84% used [0x00000000a0000000,0x00000000d586ae30,0x00000000df100000)
 Metaspace       used 59572K, capacity 60922K, committed 61056K, reserved 1101824K
  class space    used 7733K, capacity 8033K, committed 8064K, reserved 1048576K
Event: 43.195 GC heap after
Heap after GC invocations=53 (full 7):
 PSYoungGen      total 351744K, used 86892K [0x00000000e0000000, 0x0000000100000000, 0x0000000100000000)
  eden space 177152K, 0% used [0x00000000e0000000,0x00000000e0000000,0x00000000ead00000)
  from space 174592K, 49% used [0x00000000f5580000,0x00000000faa5b040,0x0000000100000000)
  to   space 172544K, 0% used [0x00000000ead00000,0x00000000ead00000,0x00000000f5580000)
 ParOldGen       total 1033216K, used 928644K [0x00000000a0000000, 0x00000000df100000, 0x00000000e0000000)
  object space 1033216K, 89% used [0x00000000a0000000,0x00000000d8ae1388,0x00000000df100000)
 Metaspace       used 59572K, capacity 60922K, committed 61056K, reserved 1101824K
  class space    used 7733K, capacity 8033K, committed 8064K, reserved 1048576K
}
Event: 43.429 GC heap before
{Heap before GC invocations=54 (full 7):
 PSYoungGen      total 351744K, used 264044K [0x00000000e0000000, 0x0000000100000000, 0x0000000100000000)
  eden space 177152K, 100% used [0x00000000e0000000,0x00000000ead00000,0x00000000ead00000)
  from space 174592K, 49% used [0x00000000f5580000,0x00000000faa5b040,0x0000000100000000)
  to   space 172544K, 0% used [0x00000000ead00000,0x00000000ead00000,0x00000000f5580000)
 ParOldGen       total 1033216K, used 928644K [0x00000000a0000000, 0x00000000df100000, 0x00000000e0000000)
  object space 1033216K, 89% used [0x00000000a0000000,0x00000000d8ae1388,0x00000000df100000)
 Metaspace       used 59572K, capacity 60922K, committed 61056K, reserved 1101824K
  class space    used 7733K, capacity 8033K, committed 8064K, reserved 1048576K
Event: 43.516 GC heap after
Heap after GC invocations=54 (full 7):
 PSYoungGen      total 229376K, used 51980K [0x00000000e0000000, 0x00000000ff300000, 0x0000000100000000)
  eden space 177152K, 0% used [0x00000000e0000000,0x00000000e0000000,0x00000000ead00000)
  from space 52224K, 99% used [0x00000000ead00000,0x00000000edfc30c8,0x00000000ee000000)
  to   space 166912K, 0% used [0x00000000f5000000,0x00000000f5000000,0x00000000ff300000)
 ParOldGen       total 1033216K, used 988897K [0x00000000a0000000, 0x00000000df100000, 0x00000000e0000000)
  object space 1033216K, 95% used [0x00000000a0000000,0x00000000dc5b85b8,0x00000000df100000)
 Metaspace       used 59572K, capacity 60922K, committed 61056K, reserved 1101824K
  class space    used 7733K, capacity 8033K, committed 8064K, reserved 1048576K
}
Event: 43.516 GC heap before
{Heap before GC invocations=55 (full 8):
 PSYoungGen      total 229376K, used 51980K [0x00000000e0000000, 0x00000000ff300000, 0x0000000100000000)
  eden space 177152K, 0% used [0x00000000e0000000,0x00000000e0000000,0x00000000ead00000)
  from space 52224K, 99% used [0x00000000ead00000,0x00000000edfc30c8,0x00000000ee000000)
  to   space 166912K, 0% used [0x00000000f5000000,0x00000000f5000000,0x00000000ff300000)
 ParOldGen       total 1033216K, used 988897K [0x00000000a0000000, 0x00000000df100000, 0x00000000e0000000)
  object space 1033216K, 95% used [0x00000000a0000000,0x00000000dc5b85b8,0x00000000df100000)
 Metaspace       used 59572K, capacity 60922K, committed 61056K, reserved 1101824K
  class space    used 7733K, capacity 8033K, committed 8064K, reserved 1048576K
Event: 46.230 GC heap after
Heap after GC invocations=55 (full 8):
 PSYoungGen      total 229376K, used 0K [0x00000000e0000000, 0x00000000ff300000, 0x0000000100000000)
  eden space 177152K, 0% used [0x00000000e0000000,0x00000000e0000000,0x00000000ead00000)
  from space 52224K, 0% used [0x00000000ead00000,0x00000000ead00000,0x00000000ee000000)
  to   space 166912K, 0% used [0x00000000f5000000,0x00000000f5000000,0x00000000ff300000)
 ParOldGen       total 1048576K, used 935423K [0x00000000a0000000, 0x00000000e0000000, 0x00000000e0000000)
  object space 1048576K, 89% used [0x00000000a0000000,0x00000000d917fe98,0x00000000e0000000)
 Metaspace       used 59572K, capacity 60922K, committed 61056K, reserved 1101824K
  class space    used 7733K, capacity 8033K, committed 8064K, reserved 1048576K
}
Event: 46.508 GC heap before
{Heap before GC invocations=56 (full 8):
 PSYoungGen      total 229376K, used 177152K [0x00000000e0000000, 0x00000000ff300000, 0x0000000100000000)
  eden space 177152K, 100% used [0x00000000e0000000,0x00000000ead00000,0x00000000ead00000)
  from space 52224K, 0% used [0x00000000ead00000,0x00000000ead00000,0x00000000ee000000)
  to   space 166912K, 0% used [0x00000000f5000000,0x00000000f5000000,0x00000000ff300000)
 ParOldGen       total 1048576K, used 935423K [0x00000000a0000000, 0x00000000e0000000, 0x00000000e0000000)
  object space 1048576K, 89% used [0x00000000a0000000,0x00000000d917fe98,0x00000000e0000000)
 Metaspace       used 59575K, capacity 60922K, committed 61056K, reserved 1101824K
  class space    used 7733K, capacity 8033K, committed 8064K, reserved 1048576K
Event: 46.539 GC heap after
Heap after GC invocations=56 (full 8):
 PSYoungGen      total 345600K, used 23706K [0x00000000e0000000, 0x0000000100000000, 0x0000000100000000)
  eden space 178688K, 0% used [0x00000000e0000000,0x00000000e0000000,0x00000000eae80000)
  from space 166912K, 14% used [0x00000000f5000000,0x00000000f6726b28,0x00000000ff300000)
  to   space 165376K, 0% used [0x00000000eae80000,0x00000000eae80000,0x00000000f5000000)
 ParOldGen       total 1048576K, used 935431K [0x00000000a0000000, 0x00000000e0000000, 0x00000000e0000000)
  object space 1048576K, 89% used [0x00000000a0000000,0x00000000d9181e98,0x00000000e0000000)
 Metaspace       used 59575K, capacity 60922K, committed 61056K, reserved 1101824K
  class space    used 7733K, capacity 8033K, committed 8064K, reserved 1048576K
}
Event: 46.842 GC heap before
{Heap before GC invocations=57 (full 8):
 PSYoungGen      total 345600K, used 202394K [0x00000000e0000000, 0x0000000100000000, 0x0000000100000000)
  eden space 178688K, 100% used [0x00000000e0000000,0x00000000eae80000,0x00000000eae80000)
  from space 166912K, 14% used [0x00000000f5000000,0x00000000f6726b28,0x00000000ff300000)
  to   space 165376K, 0% used [0x00000000eae80000,0x00000000eae80000,0x00000000f5000000)
 ParOldGen       total 1048576K, used 935431K [0x00000000a0000000, 0x00000000e0000000, 0x00000000e0000000)
  object space 1048576K, 89% used [0x00000000a0000000,0x00000000d9181e98,0x00000000e0000000)
 Metaspace       used 59576K, capacity 60922K, committed 61056K, reserved 1101824K
  class space    used 7733K, capacity 8033K, committed 8064K, reserved 1048576K
Event: 46.889 GC heap after
Heap after GC invocations=57 (full 8):
 PSYoungGen      total 344064K, used 49555K [0x00000000e0000000, 0x00000000ff180000, 0x0000000100000000)
  eden space 178688K, 0% used [0x00000000e0000000,0x00000000e0000000,0x00000000eae80000)
  from space 165376K, 29% used [0x00000000eae80000,0x00000000edee4d08,0x00000000f5000000)
  to   space 158720K, 0% used [0x00000000f5680000,0x00000000f5680000,0x00000000ff180000)
 ParOldGen       total 1048576K, used 935431K [0x00000000a0000000, 0x00000000e0000000, 0x00000000e0000000)
  object space 1048576K, 89% used [0x00000000a0000000,0x00000000d9181e98,0x00000000e0000000)
 Metaspace       used 59576K, capacity 60922K, committed 61056K, reserved 1101824K
  class space    used 7733K, capacity 8033K, committed 8064K, reserved 1048576K
}

