# JRE version: OpenJDK Runtime Environment (8.0_76-b03) (build 1.8.0_76-release-b03)
# Java VM: OpenJDK 64-Bit Server VM (25.76-b03 mixed mode windows-amd64 compressed oops)
Heap:
 PSYoungGen      total 346624K, used 61585K [0x00000000e0000000, 0x00000000ffd00000, 0x0000000100000000)
  eden space 175104K, 18% used [0x00000000e0000000,0x00000000e1f39b18,0x00000000eab00000)
  from space 171520K, 17% used [0x00000000f5580000,0x00000000f726a998,0x00000000ffd00000)
  to   space 173056K, 0% used [0x00000000eab00000,0x00000000eab00000,0x00000000f5400000)
 ParOldGen       total 620544K, used 339905K [0x00000000a0000000, 0x00000000c5e00000, 0x00000000e0000000)
  object space 620544K, 54% used [0x00000000a0000000,0x00000000b4bf0628,0x00000000c5e00000)
 Metaspace       used 67021K, capacity 70480K, committed 70528K, reserved 1110016K
  class space    used 8665K, capacity 9343K, committed 9344K, reserved 1048576K
GC Heap History (10 events):
Event: 374.692 GC heap before
{Heap before GC invocations=112 (full 14):
 PSYoungGen      total 349696K, used 30680K [0x00000000e0000000, 0x0000000100000000, 0x0000000100000000)
  eden space 175104K, 0% used [0x00000000e0000000,0x00000000e0000000,0x00000000eab00000)
  from space 174592K, 17% used [0x00000000f5580000,0x00000000f7376220,0x0000000100000000)
  to   space 174592K, 0% used [0x00000000eab00000,0x00000000eab00000,0x00000000f5580000)
 ParOldGen       total 613376K, used 556317K [0x00000000a0000000, 0x00000000c5700000, 0x00000000e0000000)
  object space 613376K, 90% used [0x00000000a0000000,0x00000000c1f47670,0x00000000c5700000)
 Metaspace       used 67018K, capacity 70480K, committed 70528K, reserved 1110016K
  class space    used 8665K, capacity 9343K, committed 9344K, reserved 1048576K
Event: 375.554 GC heap after
Heap after GC invocations=112 (full 14):
 PSYoungGen      total 349696K, used 0K [0x00000000e0000000, 0x0000000100000000, 0x0000000100000000)
  eden space 175104K, 0% used [0x00000000e0000000,0x00000000e0000000,0x00000000eab00000)
  from space 174592K, 0% used [0x00000000f5580000,0x00000000f5580000,0x0000000100000000)
  to   space 174592K, 0% used [0x00000000eab00000,0x00000000eab00000,0x00000000f5580000)
 ParOldGen       total 620544K, used 286643K [0x00000000a0000000, 0x00000000c5e00000, 0x00000000e0000000)
  object space 620544K, 46% used [0x00000000a0000000,0x00000000b17ecc68,0x00000000c5e00000)
 Metaspace       used 67018K, capacity 70480K, committed 70528K, reserved 1110016K
  class space    used 8665K, capacity 9343K, committed 9344K, reserved 1048576K
}
Event: 375.696 GC heap before
{Heap before GC invocations=113 (full 14):
 PSYoungGen      total 349696K, used 175104K [0x00000000e0000000, 0x0000000100000000, 0x0000000100000000)
  eden space 175104K, 100% used [0x00000000e0000000,0x00000000eab00000,0x00000000eab00000)
  from space 174592K, 0% used [0x00000000f5580000,0x00000000f5580000,0x0000000100000000)
  to   space 174592K, 0% used [0x00000000eab00000,0x00000000eab00000,0x00000000f5580000)
 ParOldGen       total 620544K, used 286644K [0x00000000a0000000, 0x00000000c5e00000, 0x00000000e0000000)
  object space 620544K, 46% used [0x00000000a0000000,0x00000000b17ed218,0x00000000c5e00000)
 Metaspace       used 67019K, capacity 70480K, committed 70528K, reserved 1110016K
  class space    used 8665K, capacity 9343K, committed 9344K, reserved 1048576K
Event: 375.722 GC heap after
Heap after GC invocations=113 (full 14):
 PSYoungGen      total 349696K, used 26330K [0x00000000e0000000, 0x0000000100000000, 0x0000000100000000)
  eden space 175104K, 0% used [0x00000000e0000000,0x00000000e0000000,0x00000000eab00000)
  from space 174592K, 15% used [0x00000000eab00000,0x00000000ec4b6900,0x00000000f5580000)
  to   space 174592K, 0% used [0x00000000f5580000,0x00000000f5580000,0x0000000100000000)
 ParOldGen       total 620544K, used 286644K [0x00000000a0000000, 0x00000000c5e00000, 0x00000000e0000000)
  object space 620544K, 46% used [0x00000000a0000000,0x00000000b17ed218,0x00000000c5e00000)
 Metaspace       used 67019K, capacity 70480K, committed 70528K, reserved 1110016K
  class space    used 8665K, capacity 9343K, committed 9344K, reserved 1048576K
}
Event: 375.872 GC heap before
{Heap before GC invocations=114 (full 14):
 PSYoungGen      total 349696K, used 201434K [0x00000000e0000000, 0x0000000100000000, 0x0000000100000000)
  eden space 175104K, 100% used [0x00000000e0000000,0x00000000eab00000,0x00000000eab00000)
  from space 174592K, 15% used [0x00000000eab00000,0x00000000ec4b6900,0x00000000f5580000)
  to   space 174592K, 0% used [0x00000000f5580000,0x00000000f5580000,0x0000000100000000)
 ParOldGen       total 620544K, used 287096K [0x00000000a0000000, 0x00000000c5e00000, 0x00000000e0000000)
  object space 620544K, 46% used [0x00000000a0000000,0x00000000b185e330,0x00000000c5e00000)
 Metaspace       used 67019K, capacity 70480K, committed 70528K, reserved 1110016K
  class space    used 8665K, capacity 9343K, committed 9344K, reserved 1048576K
Event: 375.928 GC heap after
Heap after GC invocations=114 (full 14):
 PSYoungGen      total 349696K, used 26086K [0x00000000e0000000, 0x0000000100000000, 0x0000000100000000)
  eden space 175104K, 0% used [0x00000000e0000000,0x00000000e0000000,0x00000000eab00000)
  from space 174592K, 14% used [0x00000000f5580000,0x00000000f6ef9ac0,0x0000000100000000)
  to   space 174592K, 0% used [0x00000000eab00000,0x00000000eab00000,0x00000000f5580000)
 ParOldGen       total 620544K, used 300104K [0x00000000a0000000, 0x00000000c5e00000, 0x00000000e0000000)
  object space 620544K, 48% used [0x00000000a0000000,0x00000000b25121c0,0x00000000c5e00000)
 Metaspace       used 67019K, capacity 70480K, committed 70528K, reserved 1110016K
  class space    used 8665K, capacity 9343K, committed 9344K, reserved 1048576K
}
Event: 376.108 GC heap before
{Heap before GC invocations=115 (full 14):
 PSYoungGen      total 349696K, used 201190K [0x00000000e0000000, 0x0000000100000000, 0x0000000100000000)
  eden space 175104K, 100% used [0x00000000e0000000,0x00000000eab00000,0x00000000eab00000)
  from space 174592K, 14% used [0x00000000f5580000,0x00000000f6ef9ac0,0x0000000100000000)
  to   space 174592K, 0% used [0x00000000eab00000,0x00000000eab00000,0x00000000f5580000)
 ParOldGen       total 620544K, used 300106K [0x00000000a0000000, 0x00000000c5e00000, 0x00000000e0000000)
  object space 620544K, 48% used [0x00000000a0000000,0x00000000b2512978,0x00000000c5e00000)
 Metaspace       used 67020K, capacity 70480K, committed 70528K, reserved 1110016K
  class space    used 8665K, capacity 9343K, committed 9344K, reserved 1048576K
Event: 376.149 GC heap after
Heap after GC invocations=115 (full 14):
 PSYoungGen      total 349696K, used 21590K [0x00000000e0000000, 0x0000000100000000, 0x0000000100000000)
  eden space 175104K, 0% used [0x00000000e0000000,0x00000000e0000000,0x00000000eab00000)
  from space 174592K, 12% used [0x00000000eab00000,0x00000000ec0159a0,0x00000000f5580000)
  to   space 174592K, 0% used [0x00000000f5580000,0x00000000f5580000,0x0000000100000000)
 ParOldGen       total 620544K, used 324907K [0x00000000a0000000, 0x00000000c5e00000, 0x00000000e0000000)
  object space 620544K, 52% used [0x00000000a0000000,0x00000000b3d4ae70,0x00000000c5e00000)
 Metaspace       used 67020K, capacity 70480K, committed 70528K, reserved 1110016K
  class space    used 8665K, capacity 9343K, committed 9344K, reserved 1048576K
}
Event: 376.290 GC heap before
{Heap before GC invocations=116 (full 14):
 PSYoungGen      total 349696K, used 196694K [0x00000000e0000000, 0x0000000100000000, 0x0000000100000000)
  eden space 175104K, 100% used [0x00000000e0000000,0x00000000eab00000,0x00000000eab00000)
  from space 174592K, 12% used [0x00000000eab00000,0x00000000ec0159a0,0x00000000f5580000)
  to   space 174592K, 0% used [0x00000000f5580000,0x00000000f5580000,0x0000000100000000)
 ParOldGen       total 620544K, used 324907K [0x00000000a0000000, 0x00000000c5e00000, 0x00000000e0000000)
  object space 620544K, 52% used [0x00000000a0000000,0x00000000b3d4ae70,0x00000000c5e00000)
 Metaspace       used 67021K, capacity 70480K, committed 70528K, reserved 1110016K
  class space    used 8665K, capacity 9343K, committed 9344K, reserved 1048576K
Event: 376.335 GC heap after
Heap after GC invocations=116 (full 14):
 PSYoungGen      total 346624K, used 29610K [0x00000000e0000000, 0x00000000ffd00000, 0x0000000100000000)
  eden space 175104K, 0% used [0x00000000e0000000,0x00000000e0000000,0x00000000eab00000)
  from space 171520K, 17% used [0x00000000f5580000,0x00000000f726a998,0x00000000ffd00000)
  to   space 173056K, 0% used [0x00000000eab00000,0x00000000eab00000,0x00000000f5400000)
 ParOldGen       total 620544K, used 339905K [0x00000000a0000000, 0x00000000c5e00000, 0x00000000e0000000)
  object space 620544K, 54% used [0x00000000a0000000,0x00000000b4bf0628,0x00000000c5e00000)
 Metaspace       used 67021K, capacity 70480K, committed 70528K, reserved 1110016K
  class space    used 8665K, capacity 9343K, committed 9344K, reserved 1048576K
}

