# JRE version: OpenJDK Runtime Environment (8.0_76-b03) (build 1.8.0_76-release-b03)
# Java VM: OpenJDK 64-Bit Server VM (25.76-b03 mixed mode windows-amd64 compressed oops)
Heap:
 PSYoungGen      total 358912K, used 295665K [0x00000000e0000000, 0x00000000ff400000, 0x0000000100000000)
  eden space 209920K, 100% used [0x00000000e0000000,0x00000000ecd00000,0x00000000ecd00000)
  from space 148992K, 57% used [0x00000000f6280000,0x00000000fb63c560,0x00000000ff400000)
  to   space 151040K, 83% used [0x00000000ecd00000,0x00000000f4783ea0,0x00000000f6080000)
 ParOldGen       total 1048576K, used 901444K [0x00000000a0000000, 0x00000000e0000000, 0x00000000e0000000)
  object space 1048576K, 85% used [0x00000000a0000000,0x00000000d7051100,0x00000000e0000000)
 Metaspace       used 81180K, capacity 84282K, committed 92336K, reserved 1128448K
  class space    used 10227K, capacity 10720K, committed 12464K, reserved 1048576K
GC Heap History (10 events):
Event: 1040.278 GC heap after
Heap after GC invocations=61 (full 11):
 PSYoungGen      total 350208K, used 0K [0x00000000e0000000, 0x00000000ff900000, 0x0000000100000000)
  eden space 184320K, 0% used [0x00000000e0000000,0x00000000e0000000,0x00000000eb400000)
  from space 165888K, 0% used [0x00000000f5700000,0x00000000f5700000,0x00000000ff900000)
  to   space 166400K, 0% used [0x00000000eb400000,0x00000000eb400000,0x00000000f5680000)
 ParOldGen       total 1048576K, used 901436K [0x00000000a0000000, 0x00000000e0000000, 0x00000000e0000000)
  object space 1048576K, 85% used [0x00000000a0000000,0x00000000d704f100,0x00000000e0000000)
 Metaspace       used 80673K, capacity 83790K, committed 92336K, reserved 1128448K
  class space    used 10206K, capacity 10686K, committed 12464K, reserved 1048576K
}
Event: 1040.496 GC heap before
{Heap before GC invocations=62 (full 11):
 PSYoungGen      total 350208K, used 184320K [0x00000000e0000000, 0x00000000ff900000, 0x0000000100000000)
  eden space 184320K, 100% used [0x00000000e0000000,0x00000000eb400000,0x00000000eb400000)
  from space 165888K, 0% used [0x00000000f5700000,0x00000000f5700000,0x00000000ff900000)
  to   space 166400K, 0% used [0x00000000eb400000,0x00000000eb400000,0x00000000f5680000)
 ParOldGen       total 1048576K, used 901436K [0x00000000a0000000, 0x00000000e0000000, 0x00000000e0000000)
  object space 1048576K, 85% used [0x00000000a0000000,0x00000000d704f100,0x00000000e0000000)
 Metaspace       used 80692K, capacity 83822K, committed 92336K, reserved 1128448K
  class space    used 10207K, capacity 10718K, committed 12464K, reserved 1048576K
Event: 1040.525 GC heap after
Heap after GC invocations=62 (full 11):
 PSYoungGen      total 350720K, used 28497K [0x00000000e0000000, 0x00000000ffa80000, 0x0000000100000000)
  eden space 184320K, 0% used [0x00000000e0000000,0x00000000e0000000,0x00000000eb400000)
  from space 166400K, 17% used [0x00000000eb400000,0x00000000ecfd4570,0x00000000f5680000)
  to   space 163328K, 0% used [0x00000000f5b00000,0x00000000f5b00000,0x00000000ffa80000)
 ParOldGen       total 1048576K, used 901436K [0x00000000a0000000, 0x00000000e0000000, 0x00000000e0000000)
  object space 1048576K, 85% used [0x00000000a0000000,0x00000000d704f100,0x00000000e0000000)
 Metaspace       used 80692K, capacity 83822K, committed 92336K, reserved 1128448K
  class space    used 10207K, capacity 10718K, committed 12464K, reserved 1048576K
}
Event: 1040.766 GC heap before
{Heap before GC invocations=63 (full 11):
 PSYoungGen      total 350720K, used 212817K [0x00000000e0000000, 0x00000000ffa80000, 0x0000000100000000)
  eden space 184320K, 100% used [0x00000000e0000000,0x00000000eb400000,0x00000000eb400000)
  from space 166400K, 17% used [0x00000000eb400000,0x00000000ecfd4570,0x00000000f5680000)
  to   space 163328K, 0% used [0x00000000f5b00000,0x00000000f5b00000,0x00000000ffa80000)
 ParOldGen       total 1048576K, used 901436K [0x00000000a0000000, 0x00000000e0000000, 0x00000000e0000000)
  object space 1048576K, 85% used [0x00000000a0000000,0x00000000d704f100,0x00000000e0000000)
 Metaspace       used 80692K, capacity 83822K, committed 92336K, reserved 1128448K
  class space    used 10207K, capacity 10718K, committed 12464K, reserved 1048576K
Event: 1040.841 GC heap after
Heap after GC invocations=63 (full 11):
 PSYoungGen      total 344064K, used 53183K [0x00000000e0000000, 0x00000000fed00000, 0x0000000100000000)
  eden space 194560K, 0% used [0x00000000e0000000,0x00000000e0000000,0x00000000ebe00000)
  from space 149504K, 35% used [0x00000000f5b00000,0x00000000f8eeff98,0x00000000fed00000)
  to   space 155136K, 0% used [0x00000000ebe00000,0x00000000ebe00000,0x00000000f5580000)
 ParOldGen       total 1048576K, used 901436K [0x00000000a0000000, 0x00000000e0000000, 0x00000000e0000000)
  object space 1048576K, 85% used [0x00000000a0000000,0x00000000d704f100,0x00000000e0000000)
 Metaspace       used 80692K, capacity 83822K, committed 92336K, reserved 1128448K
  class space    used 10207K, capacity 10718K, committed 12464K, reserved 1048576K
}
Event: 1041.179 GC heap before
{Heap before GC invocations=64 (full 11):
 PSYoungGen      total 344064K, used 247743K [0x00000000e0000000, 0x00000000fed00000, 0x0000000100000000)
  eden space 194560K, 100% used [0x00000000e0000000,0x00000000ebe00000,0x00000000ebe00000)
  from space 149504K, 35% used [0x00000000f5b00000,0x00000000f8eeff98,0x00000000fed00000)
  to   space 155136K, 0% used [0x00000000ebe00000,0x00000000ebe00000,0x00000000f5580000)
 ParOldGen       total 1048576K, used 901436K [0x00000000a0000000, 0x00000000e0000000, 0x00000000e0000000)
  object space 1048576K, 85% used [0x00000000a0000000,0x00000000d704f100,0x00000000e0000000)
 Metaspace       used 80696K, capacity 83822K, committed 92336K, reserved 1128448K
  class space    used 10207K, capacity 10718K, committed 12464K, reserved 1048576K
Event: 1041.274 GC heap after
Heap after GC invocations=64 (full 11):
 PSYoungGen      total 349696K, used 78169K [0x00000000e0000000, 0x00000000ff680000, 0x0000000100000000)
  eden space 194560K, 0% used [0x00000000e0000000,0x00000000e0000000,0x00000000ebe00000)
  from space 155136K, 50% used [0x00000000ebe00000,0x00000000f0a567d8,0x00000000f5580000)
  to   space 151552K, 0% used [0x00000000f6280000,0x00000000f6280000,0x00000000ff680000)
 ParOldGen       total 1048576K, used 901436K [0x00000000a0000000, 0x00000000e0000000, 0x00000000e0000000)
  object space 1048576K, 85% used [0x00000000a0000000,0x00000000d704f100,0x00000000e0000000)
 Metaspace       used 80696K, capacity 83822K, committed 92336K, reserved 1128448K
  class space    used 10207K, capacity 10718K, committed 12464K, reserved 1048576K
}
Event: 1042.214 GC heap before
{Heap before GC invocations=65 (full 11):
 PSYoungGen      total 349696K, used 272729K [0x00000000e0000000, 0x00000000ff680000, 0x0000000100000000)
  eden space 194560K, 100% used [0x00000000e0000000,0x00000000ebe00000,0x00000000ebe00000)
  from space 155136K, 50% used [0x00000000ebe00000,0x00000000f0a567d8,0x00000000f5580000)
  to   space 151552K, 0% used [0x00000000f6280000,0x00000000f6280000,0x00000000ff680000)
 ParOldGen       total 1048576K, used 901436K [0x00000000a0000000, 0x00000000e0000000, 0x00000000e0000000)
  object space 1048576K, 85% used [0x00000000a0000000,0x00000000d704f100,0x00000000e0000000)
 Metaspace       used 80932K, capacity 84078K, committed 92336K, reserved 1128448K
  class space    used 10219K, capacity 10718K, committed 12464K, reserved 1048576K
Event: 1042.308 GC heap after
Heap after GC invocations=65 (full 11):
 PSYoungGen      total 358912K, used 85745K [0x00000000e0000000, 0x00000000ff400000, 0x0000000100000000)
  eden space 209920K, 0% used [0x00000000e0000000,0x00000000e0000000,0x00000000ecd00000)
  from space 148992K, 57% used [0x00000000f6280000,0x00000000fb63c560,0x00000000ff400000)
  to   space 151040K, 0% used [0x00000000ecd00000,0x00000000ecd00000,0x00000000f6080000)
 ParOldGen       total 1048576K, used 901436K [0x00000000a0000000, 0x00000000e0000000, 0x00000000e0000000)
  object space 1048576K, 85% used [0x00000000a0000000,0x00000000d704f100,0x00000000e0000000)
 Metaspace       used 80932K, capacity 84078K, committed 92336K, reserved 1128448K
  class space    used 10219K, capacity 10718K, committed 12464K, reserved 1048576K
}
Event: 1046.807 GC heap before
{Heap before GC invocations=66 (full 11):
 PSYoungGen      total 358912K, used 295665K [0x00000000e0000000, 0x00000000ff400000, 0x0000000100000000)
  eden space 209920K, 100% used [0x00000000e0000000,0x00000000ecd00000,0x00000000ecd00000)
  from space 148992K, 57% used [0x00000000f6280000,0x00000000fb63c560,0x00000000ff400000)
  to   space 151040K, 0% used [0x00000000ecd00000,0x00000000ecd00000,0x00000000f6080000)
 ParOldGen       total 1048576K, used 901436K [0x00000000a0000000, 0x00000000e0000000, 0x00000000e0000000)
  object space 1048576K, 85% used [0x00000000a0000000,0x00000000d704f100,0x00000000e0000000)
 Metaspace       used 81180K, capacity 84282K, committed 92336K, reserved 1128448K
  class space    used 10227K, capacity 10720K, committed 12464K, reserved 1048576K

