# JRE version: OpenJDK Runtime Environment (8.0_76-b03) (build 1.8.0_76-release-b03)
# Java VM: OpenJDK 64-Bit Server VM (25.76-b03 mixed mode windows-amd64 compressed oops)
Heap:
 PSYoungGen      total 356352K, used 244476K [0x00000000e0000000, 0x00000000fe980000, 0x0000000100000000)
  eden space 214528K, 100% used [0x00000000e0000000,0x00000000ed180000,0x00000000ed180000)
  from space 141824K, 21% used [0x00000000f5f00000,0x00000000f7c3f348,0x00000000fe980000)
  to   space 143360K, 11% used [0x00000000ed180000,0x00000000ee1a2d08,0x00000000f5d80000)
 ParOldGen       total 1048576K, used 946585K [0x00000000a0000000, 0x00000000e0000000, 0x00000000e0000000)
  object space 1048576K, 90% used [0x00000000a0000000,0x00000000d9c667c0,0x00000000e0000000)
 Metaspace       used 69605K, capacity 72374K, committed 72880K, reserved 1114112K
  class space    used 8615K, capacity 9031K, committed 9136K, reserved 1048576K
GC Heap History (10 events):
Event: 5116.656 GC heap after
Heap after GC invocations=182 (full 18):
 PSYoungGen      total 351744K, used 27506K [0x00000000e0000000, 0x0000000100000000, 0x0000000100000000)
  eden space 181248K, 0% used [0x00000000e0000000,0x00000000e0000000,0x00000000eb100000)
  from space 170496K, 16% used [0x00000000f5300000,0x00000000f6ddcb48,0x00000000ff980000)
  to   space 165888K, 0% used [0x00000000eb100000,0x00000000eb100000,0x00000000f5300000)
 ParOldGen       total 1048576K, used 812670K [0x00000000a0000000, 0x00000000e0000000, 0x00000000e0000000)
  object space 1048576K, 77% used [0x00000000a0000000,0x00000000d199fa00,0x00000000e0000000)
 Metaspace       used 69605K, capacity 72374K, committed 72880K, reserved 1114112K
  class space    used 8615K, capacity 9031K, committed 9136K, reserved 1048576K
}
Event: 5116.769 GC heap before
{Heap before GC invocations=183 (full 18):
 PSYoungGen      total 351744K, used 208754K [0x00000000e0000000, 0x0000000100000000, 0x0000000100000000)
  eden space 181248K, 100% used [0x00000000e0000000,0x00000000eb100000,0x00000000eb100000)
  from space 170496K, 16% used [0x00000000f5300000,0x00000000f6ddcb48,0x00000000ff980000)
  to   space 165888K, 0% used [0x00000000eb100000,0x00000000eb100000,0x00000000f5300000)
 ParOldGen       total 1048576K, used 812673K [0x00000000a0000000, 0x00000000e0000000, 0x00000000e0000000)
  object space 1048576K, 77% used [0x00000000a0000000,0x00000000d19a0530,0x00000000e0000000)
 Metaspace       used 69605K, capacity 72374K, committed 72880K, reserved 1114112K
  class space    used 8615K, capacity 9031K, committed 9136K, reserved 1048576K
Event: 5116.824 GC heap after
Heap after GC invocations=183 (full 18):
 PSYoungGen      total 347136K, used 27968K [0x00000000e0000000, 0x00000000ff180000, 0x0000000100000000)
  eden space 181248K, 0% used [0x00000000e0000000,0x00000000e0000000,0x00000000eb100000)
  from space 165888K, 16% used [0x00000000eb100000,0x00000000ecc50000,0x00000000f5300000)
  to   space 160768K, 0% used [0x00000000f5480000,0x00000000f5480000,0x00000000ff180000)
 ParOldGen       total 1048576K, used 839324K [0x00000000a0000000, 0x00000000e0000000, 0x00000000e0000000)
  object space 1048576K, 80% used [0x00000000a0000000,0x00000000d33a70b0,0x00000000e0000000)
 Metaspace       used 69605K, capacity 72374K, committed 72880K, reserved 1114112K
  class space    used 8615K, capacity 9031K, committed 9136K, reserved 1048576K
}
Event: 5116.950 GC heap before
{Heap before GC invocations=184 (full 18):
 PSYoungGen      total 347136K, used 209216K [0x00000000e0000000, 0x00000000ff180000, 0x0000000100000000)
  eden space 181248K, 100% used [0x00000000e0000000,0x00000000eb100000,0x00000000eb100000)
  from space 165888K, 16% used [0x00000000eb100000,0x00000000ecc50000,0x00000000f5300000)
  to   space 160768K, 0% used [0x00000000f5480000,0x00000000f5480000,0x00000000ff180000)
 ParOldGen       total 1048576K, used 839324K [0x00000000a0000000, 0x00000000e0000000, 0x00000000e0000000)
  object space 1048576K, 80% used [0x00000000a0000000,0x00000000d33a70b0,0x00000000e0000000)
 Metaspace       used 69605K, capacity 72374K, committed 72880K, reserved 1114112K
  class space    used 8615K, capacity 9031K, committed 9136K, reserved 1048576K
Event: 5116.994 GC heap after
Heap after GC invocations=184 (full 18):
 PSYoungGen      total 352768K, used 26641K [0x00000000e0000000, 0x00000000ff000000, 0x0000000100000000)
  eden space 193536K, 0% used [0x00000000e0000000,0x00000000e0000000,0x00000000ebd00000)
  from space 159232K, 16% used [0x00000000f5480000,0x00000000f6e84770,0x00000000ff000000)
  to   space 155136K, 0% used [0x00000000ebd00000,0x00000000ebd00000,0x00000000f5480000)
 ParOldGen       total 1048576K, used 866530K [0x00000000a0000000, 0x00000000e0000000, 0x00000000e0000000)
  object space 1048576K, 82% used [0x00000000a0000000,0x00000000d4e38880,0x00000000e0000000)
 Metaspace       used 69605K, capacity 72374K, committed 72880K, reserved 1114112K
  class space    used 8615K, capacity 9031K, committed 9136K, reserved 1048576K
}
Event: 5117.148 GC heap before
{Heap before GC invocations=185 (full 18):
 PSYoungGen      total 352768K, used 220177K [0x00000000e0000000, 0x00000000ff000000, 0x0000000100000000)
  eden space 193536K, 100% used [0x00000000e0000000,0x00000000ebd00000,0x00000000ebd00000)
  from space 159232K, 16% used [0x00000000f5480000,0x00000000f6e84770,0x00000000ff000000)
  to   space 155136K, 0% used [0x00000000ebd00000,0x00000000ebd00000,0x00000000f5480000)
 ParOldGen       total 1048576K, used 866530K [0x00000000a0000000, 0x00000000e0000000, 0x00000000e0000000)
  object space 1048576K, 82% used [0x00000000a0000000,0x00000000d4e38880,0x00000000e0000000)
 Metaspace       used 69605K, capacity 72374K, committed 72880K, reserved 1114112K
  class space    used 8615K, capacity 9031K, committed 9136K, reserved 1048576K
Event: 5117.191 GC heap after
Heap after GC invocations=185 (full 18):
 PSYoungGen      total 348672K, used 29088K [0x00000000e0000000, 0x00000000ff100000, 0x0000000100000000)
  eden space 193536K, 0% used [0x00000000e0000000,0x00000000e0000000,0x00000000ebd00000)
  from space 155136K, 18% used [0x00000000ebd00000,0x00000000ed968000,0x00000000f5480000)
  to   space 149504K, 0% used [0x00000000f5f00000,0x00000000f5f00000,0x00000000ff100000)
 ParOldGen       total 1048576K, used 891683K [0x00000000a0000000, 0x00000000e0000000, 0x00000000e0000000)
  object space 1048576K, 85% used [0x00000000a0000000,0x00000000d66c8fd0,0x00000000e0000000)
 Metaspace       used 69605K, capacity 72374K, committed 72880K, reserved 1114112K
  class space    used 8615K, capacity 9031K, committed 9136K, reserved 1048576K
}
Event: 5117.339 GC heap before
{Heap before GC invocations=186 (full 18):
 PSYoungGen      total 348672K, used 222624K [0x00000000e0000000, 0x00000000ff100000, 0x0000000100000000)
  eden space 193536K, 100% used [0x00000000e0000000,0x00000000ebd00000,0x00000000ebd00000)
  from space 155136K, 18% used [0x00000000ebd00000,0x00000000ed968000,0x00000000f5480000)
  to   space 149504K, 0% used [0x00000000f5f00000,0x00000000f5f00000,0x00000000ff100000)
 ParOldGen       total 1048576K, used 891683K [0x00000000a0000000, 0x00000000e0000000, 0x00000000e0000000)
  object space 1048576K, 85% used [0x00000000a0000000,0x00000000d66c8fd0,0x00000000e0000000)
 Metaspace       used 69605K, capacity 72374K, committed 72880K, reserved 1114112K
  class space    used 8615K, capacity 9031K, committed 9136K, reserved 1048576K
Event: 5117.395 GC heap after
Heap after GC invocations=186 (full 18):
 PSYoungGen      total 356352K, used 29948K [0x00000000e0000000, 0x00000000fe980000, 0x0000000100000000)
  eden space 214528K, 0% used [0x00000000e0000000,0x00000000e0000000,0x00000000ed180000)
  from space 141824K, 21% used [0x00000000f5f00000,0x00000000f7c3f348,0x00000000fe980000)
  to   space 143360K, 0% used [0x00000000ed180000,0x00000000ed180000,0x00000000f5d80000)
 ParOldGen       total 1048576K, used 919656K [0x00000000a0000000, 0x00000000e0000000, 0x00000000e0000000)
  object space 1048576K, 87% used [0x00000000a0000000,0x00000000d821a218,0x00000000e0000000)
 Metaspace       used 69605K, capacity 72374K, committed 72880K, reserved 1114112K
  class space    used 8615K, capacity 9031K, committed 9136K, reserved 1048576K
}
Event: 5117.536 GC heap before
{Heap before GC invocations=187 (full 18):
 PSYoungGen      total 356352K, used 244476K [0x00000000e0000000, 0x00000000fe980000, 0x0000000100000000)
  eden space 214528K, 100% used [0x00000000e0000000,0x00000000ed180000,0x00000000ed180000)
  from space 141824K, 21% used [0x00000000f5f00000,0x00000000f7c3f348,0x00000000fe980000)
  to   space 143360K, 0% used [0x00000000ed180000,0x00000000ed180000,0x00000000f5d80000)
 ParOldGen       total 1048576K, used 919656K [0x00000000a0000000, 0x00000000e0000000, 0x00000000e0000000)
  object space 1048576K, 87% used [0x00000000a0000000,0x00000000d821a218,0x00000000e0000000)
 Metaspace       used 69605K, capacity 72374K, committed 72880K, reserved 1114112K
  class space    used 8615K, capacity 9031K, committed 9136K, reserved 1048576K

